This file contains any messages produced by compilers while
running configure, to aid debugging if configure makes a mistake.

It was created by yaml configure 0.1.4, which was
generated by GNU Autoconf 2.69.  Invocation command line was

  $ ./configure 

## --------- ##
## Platform. ##
## --------- ##

hostname = RetinaBook.local
uname -m = x86_64
uname -r = 13.0.0
uname -s = Darwin
uname -v = Darwin Kernel Version 13.0.0: Thu Sep 19 22:22:27 PDT 2013; root:xnu-2422.1.72~6/RELEASE_X86_64

/usr/bin/uname -p = i386
/bin/uname -X     = unknown

/bin/arch              = unknown
/usr/bin/arch -k       = unknown
/usr/convex/getsysinfo = unknown
/usr/bin/hostinfo      = Mach kernel version:
	 Darwin Kernel Version 13.0.0: Thu Sep 19 22:22:27 PDT 2013; root:xnu-2422.1.72~6/RELEASE_X86_64
Kernel configured for up to 8 processors.
4 processors are physically available.
8 processors are logically available.
Processor type: i486 (Intel 80486)
Processors active: 0 1 2 3 4 5 6 7
Primary memory available: 8.00 gigabytes
Default processor set: 246 tasks, 1622 threads, 8 processors
Load average: 2.49, Mach factor: 5.50
/bin/machine           = unknown
/usr/bin/oslevel       = unknown
/bin/universe          = unknown

PATH: /usr/bin
PATH: /bin
PATH: /usr/sbin
PATH: /sbin
PATH: /usr/local/bin
PATH: /opt/X11/bin
PATH: /usr/local/git/bin
PATH: /usr/local/go/bin
PATH: /Users/tjarratt/.rvm/bin


## ----------- ##
## Core tests. ##
## ----------- ##

configure:2311: checking for a BSD-compatible install
configure:2379: result: /usr/bin/install -c
configure:2390: checking whether build environment is sane
configure:2445: result: yes
configure:2596: checking for a thread-safe mkdir -p
configure:2635: result: config/install-sh -c -d
configure:2642: checking for gawk
configure:2672: result: no
configure:2642: checking for mawk
configure:2672: result: no
configure:2642: checking for nawk
configure:2672: result: no
configure:2642: checking for awk
configure:2658: found /usr/bin/awk
configure:2669: result: awk
configure:2680: checking whether make sets $(MAKE)
configure:2702: result: yes
configure:2731: checking whether make supports nested variables
configure:2748: result: yes
configure:2949: checking for gcc
configure:2965: found /usr/bin/gcc
configure:2976: result: gcc
configure:3205: checking for C compiler version
configure:3214: gcc --version >&5
Apple LLVM version 5.0 (clang-500.2.79) (based on LLVM 3.3svn)
Target: x86_64-apple-darwin13.0.0
Thread model: posix
Configured with: --prefix=/Applications/Xcode.app/Contents/Developer/usr --with-gxx-include-dir=/usr/include/c++/4.2.1
configure:3225: $? = 0
configure:3214: gcc -v >&5
Configured with: --prefix=/Applications/Xcode.app/Contents/Developer/usr --with-gxx-include-dir=/usr/include/c++/4.2.1
Apple LLVM version 5.0 (clang-500.2.79) (based on LLVM 3.3svn)
Target: x86_64-apple-darwin13.0.0
Thread model: posix
configure:3225: $? = 0
configure:3214: gcc -V >&5
clang: error: argument to '-V' is missing (expected 1 value)
clang: error: no input files
configure:3225: $? = 1
configure:3214: gcc -qversion >&5
clang: error: no input files
configure:3225: $? = 1
configure:3245: checking whether the C compiler works
configure:3267: gcc    conftest.c  >&5
configure:3271: $? = 0
configure:3319: result: yes
configure:3322: checking for C compiler default output file name
configure:3324: result: a.out
configure:3330: checking for suffix of executables
configure:3337: gcc -o conftest    conftest.c  >&5
configure:3341: $? = 0
configure:3363: result: 
configure:3385: checking whether we are cross compiling
configure:3393: gcc -o conftest    conftest.c  >&5
configure:3397: $? = 0
configure:3404: ./conftest
configure:3408: $? = 0
configure:3423: result: no
configure:3428: checking for suffix of object files
configure:3450: gcc -c   conftest.c >&5
configure:3454: $? = 0
configure:3475: result: o
configure:3479: checking whether we are using the GNU C compiler
configure:3498: gcc -c   conftest.c >&5
configure:3498: $? = 0
configure:3507: result: yes
configure:3516: checking whether gcc accepts -g
configure:3536: gcc -c -g  conftest.c >&5
configure:3536: $? = 0
configure:3577: result: yes
configure:3594: checking for gcc option to accept ISO C89
configure:3657: gcc  -c -g -O2  conftest.c >&5
configure:3657: $? = 0
configure:3670: result: none needed
configure:3695: checking whether gcc understands -c and -o together
configure:3717: gcc -c conftest.c -o conftest2.o
configure:3720: $? = 0
configure:3717: gcc -c conftest.c -o conftest2.o
configure:3720: $? = 0
configure:3732: result: yes
configure:3760: checking for style of include used by make
configure:3788: result: GNU
configure:3814: checking dependency style of gcc
configure:3925: result: gcc3
configure:3945: checking how to run the C preprocessor
configure:3976: gcc -E  conftest.c
configure:3976: $? = 0
configure:3990: gcc -E  conftest.c
conftest.c:15:10: fatal error: 'ac_nonexistent.h' file not found
#include <ac_nonexistent.h>
         ^
1 error generated.
configure:3990: $? = 1
configure: failed program was:
| /* confdefs.h */
| #define PACKAGE_NAME "yaml"
| #define PACKAGE_TARNAME "yaml"
| #define PACKAGE_VERSION "0.1.4"
| #define PACKAGE_STRING "yaml 0.1.4"
| #define PACKAGE_BUGREPORT "http://pyyaml.org/newticket?component=libyaml"
| #define PACKAGE_URL ""
| #define PACKAGE "yaml"
| #define VERSION "0.1.4"
| #define YAML_VERSION_MAJOR 0
| #define YAML_VERSION_MINOR 1
| #define YAML_VERSION_PATCH 4
| #define YAML_VERSION_STRING "0.1.4"
| /* end confdefs.h.  */
| #include <ac_nonexistent.h>
configure:4015: result: gcc -E
configure:4035: gcc -E  conftest.c
configure:4035: $? = 0
configure:4049: gcc -E  conftest.c
conftest.c:15:10: fatal error: 'ac_nonexistent.h' file not found
#include <ac_nonexistent.h>
         ^
1 error generated.
configure:4049: $? = 1
configure: failed program was:
| /* confdefs.h */
| #define PACKAGE_NAME "yaml"
| #define PACKAGE_TARNAME "yaml"
| #define PACKAGE_VERSION "0.1.4"
| #define PACKAGE_STRING "yaml 0.1.4"
| #define PACKAGE_BUGREPORT "http://pyyaml.org/newticket?component=libyaml"
| #define PACKAGE_URL ""
| #define PACKAGE "yaml"
| #define VERSION "0.1.4"
| #define YAML_VERSION_MAJOR 0
| #define YAML_VERSION_MINOR 1
| #define YAML_VERSION_PATCH 4
| #define YAML_VERSION_STRING "0.1.4"
| /* end confdefs.h.  */
| #include <ac_nonexistent.h>
configure:4078: checking whether ln -s works
configure:4082: result: yes
configure:4089: checking whether make sets $(MAKE)
configure:4111: result: yes
configure:4149: checking build system type
configure:4163: result: x86_64-apple-darwin13.0.0
configure:4183: checking host system type
configure:4196: result: x86_64-apple-darwin13.0.0
configure:4237: checking how to print strings
configure:4264: result: printf
configure:4285: checking for a sed that does not truncate output
configure:4349: result: /usr/bin/sed
configure:4367: checking for grep that handles long lines and -e
configure:4425: result: /usr/bin/grep
configure:4430: checking for egrep
configure:4492: result: /usr/bin/grep -E
configure:4497: checking for fgrep
configure:4559: result: /usr/bin/grep -F
configure:4594: checking for ld used by gcc
configure:4661: result: /Applications/Xcode.app/Contents/Developer/Toolchains/XcodeDefault.xctoolchain/usr/bin/ld
configure:4668: checking if the linker (/Applications/Xcode.app/Contents/Developer/Toolchains/XcodeDefault.xctoolchain/usr/bin/ld) is GNU ld
configure:4683: result: no
configure:4695: checking for BSD- or MS-compatible name lister (nm)
configure:4744: result: /usr/bin/nm
configure:4874: checking the name lister (/usr/bin/nm) interface
configure:4881: gcc -c -g -O2  conftest.c >&5
configure:4884: /usr/bin/nm "conftest.o"
configure:4887: output
0000000000000220 S _some_variable
configure:4894: result: BSD nm
configure:4898: checking the maximum length of command line arguments
configure:5028: result: 196608
configure:5045: checking whether the shell understands some XSI constructs
configure:5055: result: yes
configure:5059: checking whether the shell understands "+="
configure:5065: result: yes
configure:5100: checking how to convert x86_64-apple-darwin13.0.0 file names to x86_64-apple-darwin13.0.0 format
configure:5140: result: func_convert_file_noop
configure:5147: checking how to convert x86_64-apple-darwin13.0.0 file names to toolchain format
configure:5167: result: func_convert_file_noop
configure:5174: checking for /Applications/Xcode.app/Contents/Developer/Toolchains/XcodeDefault.xctoolchain/usr/bin/ld option to reload object files
configure:5181: result: -r
configure:5255: checking for objdump
configure:5285: result: no
configure:5314: checking how to recognize dependent libraries
configure:5516: result: pass_all
configure:5601: checking for dlltool
configure:5631: result: no
configure:5661: checking how to associate runtime and link libraries
configure:5688: result: printf %s\n
configure:5749: checking for ar
configure:5765: found /usr/bin/ar
configure:5776: result: ar
configure:5813: checking for archiver @FILE support
configure:5830: gcc -c -g -O2  conftest.c >&5
configure:5830: $? = 0
configure:5833: ar cru libconftest.a @conftest.lst >&5
ar: @conftest.lst: No such file or directory
configure:5836: $? = 1
configure:5856: result: no
configure:5914: checking for strip
configure:5930: found /usr/bin/strip
configure:5941: result: strip
configure:6013: checking for ranlib
configure:6029: found /usr/bin/ranlib
configure:6040: result: ranlib
configure:6142: checking command to parse /usr/bin/nm output from gcc object
configure:6262: gcc -c -g -O2  conftest.c >&5
configure:6265: $? = 0
configure:6269: /usr/bin/nm conftest.o \| sed -n -e 's/^.*[ ]\([BCDEGRST][BCDEGRST]*\)[ ][ ]*\([_A-Za-z][_A-Za-z0-9]*\)$/\1 \2 \2/p' | sed '/ __gnu_lto/d' \> conftest.nm
configure:6272: $? = 0
cannot find nm_test_var in conftest.nm
configure:6262: gcc -c -g -O2  conftest.c >&5
configure:6265: $? = 0
configure:6269: /usr/bin/nm conftest.o \| sed -n -e 's/^.*[ ]\([BCDEGRST][BCDEGRST]*\)[ ][ ]*_\([_A-Za-z][_A-Za-z0-9]*\)$/\1 _\2 \2/p' | sed '/ __gnu_lto/d' \> conftest.nm
configure:6272: $? = 0
configure:6338: gcc -o conftest -g -O2   conftest.c conftstm.o >&5
configure:6341: $? = 0
configure:6379: result: ok
configure:6416: checking for sysroot
configure:6446: result: no
configure:6702: checking for mt
configure:6732: result: no
configure:6752: checking if : is a manifest tool
configure:6758: : '-?'
configure:6766: result: no
configure:6822: checking for dsymutil
configure:6838: found /usr/bin/dsymutil
configure:6849: result: dsymutil
configure:6914: checking for nmedit
configure:6930: found /usr/bin/nmedit
configure:6941: result: nmedit
configure:7006: checking for lipo
configure:7022: found /usr/bin/lipo
configure:7033: result: lipo
configure:7098: checking for otool
configure:7114: found /usr/bin/otool
configure:7125: result: otool
configure:7190: checking for otool64
configure:7220: result: no
configure:7265: checking for -single_module linker flag
gcc -g -O2  -o libconftest.dylib -dynamiclib -Wl,-single_module conftest.c
configure:7298: result: yes
configure:7301: checking for -exported_symbols_list linker flag
configure:7321: gcc -o conftest -g -O2   -Wl,-exported_symbols_list,conftest.sym conftest.c  >&5
configure:7321: $? = 0
configure:7331: result: yes
configure:7334: checking for -force_load linker flag
gcc -g -O2 -c -o conftest.o conftest.c
ar cru libconftest.a conftest.o
ranlib libconftest.a
gcc -g -O2  -o conftest conftest.c -Wl,-force_load,./libconftest.a
configure:7366: result: yes
configure:7404: checking for ANSI C header files
configure:7424: gcc -c -g -O2  conftest.c >&5
configure:7424: $? = 0
configure:7497: gcc -o conftest -g -O2   conftest.c  >&5
configure:7497: $? = 0
configure:7497: ./conftest
configure:7497: $? = 0
configure:7508: result: yes
configure:7521: checking for sys/types.h
configure:7521: gcc -c -g -O2  conftest.c >&5
configure:7521: $? = 0
configure:7521: result: yes
configure:7521: checking for sys/stat.h
configure:7521: gcc -c -g -O2  conftest.c >&5
configure:7521: $? = 0
configure:7521: result: yes
configure:7521: checking for stdlib.h
configure:7521: gcc -c -g -O2  conftest.c >&5
configure:7521: $? = 0
configure:7521: result: yes
configure:7521: checking for string.h
configure:7521: gcc -c -g -O2  conftest.c >&5
configure:7521: $? = 0
configure:7521: result: yes
configure:7521: checking for memory.h
configure:7521: gcc -c -g -O2  conftest.c >&5
configure:7521: $? = 0
configure:7521: result: yes
configure:7521: checking for strings.h
configure:7521: gcc -c -g -O2  conftest.c >&5
configure:7521: $? = 0
configure:7521: result: yes
configure:7521: checking for inttypes.h
configure:7521: gcc -c -g -O2  conftest.c >&5
configure:7521: $? = 0
configure:7521: result: yes
configure:7521: checking for stdint.h
configure:7521: gcc -c -g -O2  conftest.c >&5
configure:7521: $? = 0
configure:7521: result: yes
configure:7521: checking for unistd.h
configure:7521: gcc -c -g -O2  conftest.c >&5
configure:7521: $? = 0
configure:7521: result: yes
configure:7535: checking for dlfcn.h
configure:7535: gcc -c -g -O2  conftest.c >&5
configure:7535: $? = 0
configure:7535: result: yes
configure:7741: checking for objdir
configure:7756: result: .libs
configure:8023: checking if gcc supports -fno-rtti -fno-exceptions
configure:8041: gcc -c -g -O2  -fno-rtti -fno-exceptions conftest.c >&5
configure:8045: $? = 0
configure:8058: result: yes
configure:8385: checking for gcc option to produce PIC
configure:8392: result: -fno-common -DPIC
configure:8400: checking if gcc PIC flag -fno-common -DPIC works
configure:8418: gcc -c -g -O2  -fno-common -DPIC -DPIC conftest.c >&5
configure:8422: $? = 0
configure:8435: result: yes
configure:8464: checking if gcc static flag -static works
configure:8492: result: no
configure:8507: checking if gcc supports -c -o file.o
configure:8528: gcc -c -g -O2  -o out/conftest2.o conftest.c >&5
configure:8532: $? = 0
configure:8554: result: yes
configure:8562: checking if gcc supports -c -o file.o
configure:8609: result: yes
configure:8642: checking whether the gcc linker (/Applications/Xcode.app/Contents/Developer/Toolchains/XcodeDefault.xctoolchain/usr/bin/ld) supports shared libraries
configure:9795: result: yes
configure:10035: checking dynamic linker characteristics
configure:10768: result: darwin13.0.0 dyld
configure:10875: checking how to hardcode library paths into programs
configure:10900: result: immediate
configure:11440: checking whether stripping libraries is possible
configure:11454: result: yes
configure:11480: checking if libtool supports shared libraries
configure:11482: result: yes
configure:11485: checking whether to build shared libraries
configure:11506: result: yes
configure:11509: checking whether to build static libraries
configure:11513: result: yes
configure:11553: checking for doxygen
configure:11581: result: false
configure:11599: checking for ANSI C header files
configure:11703: result: yes
configure:11713: checking for stdlib.h
configure:11713: result: yes
configure:11725: checking for an ANSI C-conforming const
configure:11791: gcc -c -g -O2  conftest.c >&5
configure:11791: $? = 0
configure:11798: result: yes
configure:11806: checking for size_t
configure:11806: gcc -c -g -O2  conftest.c >&5
configure:11806: $? = 0
configure:11806: gcc -c -g -O2  conftest.c >&5
conftest.c:65:21: error: expected expression
if (sizeof ((size_t)))
                    ^
1 error generated.
configure:11806: $? = 1
configure: failed program was:
| /* confdefs.h */
| #define PACKAGE_NAME "yaml"
| #define PACKAGE_TARNAME "yaml"
| #define PACKAGE_VERSION "0.1.4"
| #define PACKAGE_STRING "yaml 0.1.4"
| #define PACKAGE_BUGREPORT "http://pyyaml.org/newticket?component=libyaml"
| #define PACKAGE_URL ""
| #define PACKAGE "yaml"
| #define VERSION "0.1.4"
| #define YAML_VERSION_MAJOR 0
| #define YAML_VERSION_MINOR 1
| #define YAML_VERSION_PATCH 4
| #define YAML_VERSION_STRING "0.1.4"
| #define STDC_HEADERS 1
| #define HAVE_SYS_TYPES_H 1
| #define HAVE_SYS_STAT_H 1
| #define HAVE_STDLIB_H 1
| #define HAVE_STRING_H 1
| #define HAVE_MEMORY_H 1
| #define HAVE_STRINGS_H 1
| #define HAVE_INTTYPES_H 1
| #define HAVE_STDINT_H 1
| #define HAVE_UNISTD_H 1
| #define HAVE_DLFCN_H 1
| #define LT_OBJDIR ".libs/"
| #define STDC_HEADERS 1
| #define HAVE_STDLIB_H 1
| /* end confdefs.h.  */
| #include <stdio.h>
| #ifdef HAVE_SYS_TYPES_H
| # include <sys/types.h>
| #endif
| #ifdef HAVE_SYS_STAT_H
| # include <sys/stat.h>
| #endif
| #ifdef STDC_HEADERS
| # include <stdlib.h>
| # include <stddef.h>
| #else
| # ifdef HAVE_STDLIB_H
| #  include <stdlib.h>
| # endif
| #endif
| #ifdef HAVE_STRING_H
| # if !defined STDC_HEADERS && defined HAVE_MEMORY_H
| #  include <memory.h>
| # endif
| # include <string.h>
| #endif
| #ifdef HAVE_STRINGS_H
| # include <strings.h>
| #endif
| #ifdef HAVE_INTTYPES_H
| # include <inttypes.h>
| #endif
| #ifdef HAVE_STDINT_H
| # include <stdint.h>
| #endif
| #ifdef HAVE_UNISTD_H
| # include <unistd.h>
| #endif
| int
| main ()
| {
| if (sizeof ((size_t)))
| 	    return 0;
|   ;
|   return 0;
| }
configure:11806: result: yes
configure:11932: checking that generated files are newer than configure
configure:11938: result: done
configure:11965: creating ./config.status

## ---------------------- ##
## Running config.status. ##
## ---------------------- ##

This file was extended by yaml config.status 0.1.4, which was
generated by GNU Autoconf 2.69.  Invocation command line was

  CONFIG_FILES    = 
  CONFIG_HEADERS  = 
  CONFIG_LINKS    = 
  CONFIG_COMMANDS = 
  $ ./config.status 

on RetinaBook.local

config.status:1095: creating yaml-0.1.pc
config.status:1095: creating include/Makefile
config.status:1095: creating src/Makefile
config.status:1095: creating Makefile
config.status:1095: creating tests/Makefile
config.status:1095: creating win32/Makefile
config.status:1095: creating config.h
config.status:1324: executing depfiles commands
config.status:1324: executing libtool commands

## ---------------- ##
## Cache variables. ##
## ---------------- ##

ac_cv_build=x86_64-apple-darwin13.0.0
ac_cv_c_compiler_gnu=yes
ac_cv_c_const=yes
ac_cv_env_CC_set=
ac_cv_env_CC_value=
ac_cv_env_CFLAGS_set=
ac_cv_env_CFLAGS_value=
ac_cv_env_CPPFLAGS_set=
ac_cv_env_CPPFLAGS_value=
ac_cv_env_CPP_set=
ac_cv_env_CPP_value=
ac_cv_env_LDFLAGS_set=
ac_cv_env_LDFLAGS_value=
ac_cv_env_LIBS_set=
ac_cv_env_LIBS_value=
ac_cv_env_build_alias_set=
ac_cv_env_build_alias_value=
ac_cv_env_host_alias_set=
ac_cv_env_host_alias_value=
ac_cv_env_target_alias_set=
ac_cv_env_target_alias_value=
ac_cv_header_dlfcn_h=yes
ac_cv_header_inttypes_h=yes
ac_cv_header_memory_h=yes
ac_cv_header_stdc=yes
ac_cv_header_stdint_h=yes
ac_cv_header_stdlib_h=yes
ac_cv_header_string_h=yes
ac_cv_header_strings_h=yes
ac_cv_header_sys_stat_h=yes
ac_cv_header_sys_types_h=yes
ac_cv_header_unistd_h=yes
ac_cv_host=x86_64-apple-darwin13.0.0
ac_cv_objext=o
ac_cv_path_EGREP='/usr/bin/grep -E'
ac_cv_path_FGREP='/usr/bin/grep -F'
ac_cv_path_GREP=/usr/bin/grep
ac_cv_path_SED=/usr/bin/sed
ac_cv_path_install='/usr/bin/install -c'
ac_cv_prog_AWK=awk
ac_cv_prog_CPP='gcc -E'
ac_cv_prog_DOXYGEN=false
ac_cv_prog_ac_ct_AR=ar
ac_cv_prog_ac_ct_CC=gcc
ac_cv_prog_ac_ct_DSYMUTIL=dsymutil
ac_cv_prog_ac_ct_LIPO=lipo
ac_cv_prog_ac_ct_NMEDIT=nmedit
ac_cv_prog_ac_ct_OTOOL=otool
ac_cv_prog_ac_ct_RANLIB=ranlib
ac_cv_prog_ac_ct_STRIP=strip
ac_cv_prog_cc_c89=
ac_cv_prog_cc_g=yes
ac_cv_prog_make_make_set=yes
ac_cv_type_size_t=yes
am_cv_CC_dependencies_compiler_type=gcc3
am_cv_make_support_nested_variables=yes
am_cv_prog_cc_c_o=yes
lt_cv_apple_cc_single_mod=yes
lt_cv_ar_at_file=no
lt_cv_deplibs_check_method=pass_all
lt_cv_file_magic_cmd='$MAGIC_CMD'
lt_cv_file_magic_test_file=
lt_cv_ld_exported_symbols_list=yes
lt_cv_ld_force_load=yes
lt_cv_ld_reload_flag=-r
lt_cv_nm_interface='BSD nm'
lt_cv_objdir=.libs
lt_cv_path_LD=/Applications/Xcode.app/Contents/Developer/Toolchains/XcodeDefault.xctoolchain/usr/bin/ld
lt_cv_path_NM=/usr/bin/nm
lt_cv_path_mainfest_tool=no
lt_cv_prog_compiler_c_o=yes
lt_cv_prog_compiler_pic='-fno-common -DPIC'
lt_cv_prog_compiler_pic_works=yes
lt_cv_prog_compiler_rtti_exceptions=yes
lt_cv_prog_compiler_static_works=no
lt_cv_prog_gnu_ld=no
lt_cv_sharedlib_from_linklib_cmd='printf %s\n'
lt_cv_sys_global_symbol_pipe='sed -n -e '\''s/^.*[	 ]\([BCDEGRST][BCDEGRST]*\)[	 ][	 ]*_\([_A-Za-z][_A-Za-z0-9]*\)$/\1 _\2 \2/p'\'' | sed '\''/ __gnu_lto/d'\'''
lt_cv_sys_global_symbol_to_c_name_address='sed -n -e '\''s/^: \([^ ]*\)[ ]*$/  {\"\1\", (void *) 0},/p'\'' -e '\''s/^[BCDEGRST]* \([^ ]*\) \([^ ]*\)$/  {"\2", (void *) \&\2},/p'\'''
lt_cv_sys_global_symbol_to_c_name_address_lib_prefix='sed -n -e '\''s/^: \([^ ]*\)[ ]*$/  {\"\1\", (void *) 0},/p'\'' -e '\''s/^[BCDEGRST]* \([^ ]*\) \(lib[^ ]*\)$/  {"\2", (void *) \&\2},/p'\'' -e '\''s/^[BCDEGRST]* \([^ ]*\) \([^ ]*\)$/  {"lib\2", (void *) \&\2},/p'\'''
lt_cv_sys_global_symbol_to_cdecl='sed -n -e '\''s/^T .* \(.*\)$/extern int \1();/p'\'' -e '\''s/^[BCDEGRST]* .* \(.*\)$/extern char \1;/p'\'''
lt_cv_sys_max_cmd_len=196608
lt_cv_to_host_file_cmd=func_convert_file_noop
lt_cv_to_tool_file_cmd=func_convert_file_noop

## ----------------- ##
## Output variables. ##
## ----------------- ##

ACLOCAL='${SHELL} /Users/tjarratt/git/gamble/src/github.com/yaml/libyaml/config/missing aclocal-1.14'
AMDEPBACKSLASH='\'
AMDEP_FALSE='#'
AMDEP_TRUE=''
AMTAR='$${TAR-tar}'
AM_BACKSLASH='\'
AM_DEFAULT_V='$(AM_DEFAULT_VERBOSITY)'
AM_DEFAULT_VERBOSITY='1'
AM_V='$(V)'
AR='ar'
AUTOCONF='${SHELL} /Users/tjarratt/git/gamble/src/github.com/yaml/libyaml/config/missing autoconf'
AUTOHEADER='${SHELL} /Users/tjarratt/git/gamble/src/github.com/yaml/libyaml/config/missing autoheader'
AUTOMAKE='${SHELL} /Users/tjarratt/git/gamble/src/github.com/yaml/libyaml/config/missing automake-1.14'
AWK='awk'
CC='gcc'
CCDEPMODE='depmode=gcc3'
CFLAGS='-g -O2'
CPP='gcc -E'
CPPFLAGS=''
CYGPATH_W='echo'
DEFS='-DHAVE_CONFIG_H'
DEPDIR='.deps'
DLLTOOL='false'
DOXYGEN='false'
DOXYGEN_FALSE=''
DOXYGEN_TRUE='#'
DSYMUTIL='dsymutil'
DUMPBIN=''
ECHO_C='\c'
ECHO_N=''
ECHO_T=''
EGREP='/usr/bin/grep -E'
EXEEXT=''
FGREP='/usr/bin/grep -F'
GREP='/usr/bin/grep'
INSTALL_DATA='${INSTALL} -m 644'
INSTALL_PROGRAM='${INSTALL}'
INSTALL_SCRIPT='${INSTALL}'
INSTALL_STRIP_PROGRAM='$(install_sh) -c -s'
LD='/Applications/Xcode.app/Contents/Developer/Toolchains/XcodeDefault.xctoolchain/usr/bin/ld'
LDFLAGS=''
LIBOBJS=''
LIBS=''
LIBTOOL='$(SHELL) $(top_builddir)/libtool'
LIPO='lipo'
LN_S='ln -s'
LTLIBOBJS=''
MAKEINFO='${SHELL} /Users/tjarratt/git/gamble/src/github.com/yaml/libyaml/config/missing makeinfo'
MANIFEST_TOOL=':'
MKDIR_P='config/install-sh -c -d'
NM='/usr/bin/nm'
NMEDIT='nmedit'
OBJDUMP='false'
OBJEXT='o'
OTOOL64=':'
OTOOL='otool'
PACKAGE='yaml'
PACKAGE_BUGREPORT='http://pyyaml.org/newticket?component=libyaml'
PACKAGE_NAME='yaml'
PACKAGE_STRING='yaml 0.1.4'
PACKAGE_TARNAME='yaml'
PACKAGE_URL=''
PACKAGE_VERSION='0.1.4'
PATH_SEPARATOR=':'
RANLIB='ranlib'
SED='/usr/bin/sed'
SET_MAKE=''
SHELL='/bin/sh'
STRIP='strip'
VERSION='0.1.4'
YAML_LT_AGE='0'
YAML_LT_CURRENT='2'
YAML_LT_RELEASE='0'
YAML_LT_REVISION='2'
ac_ct_AR='ar'
ac_ct_CC='gcc'
ac_ct_DUMPBIN=''
am__EXEEXT_FALSE=''
am__EXEEXT_TRUE='#'
am__fastdepCC_FALSE='#'
am__fastdepCC_TRUE=''
am__include='include'
am__isrc=''
am__leading_dot='.'
am__nodep='_no'
am__quote=''
am__tar='$${TAR-tar} chof - "$$tardir"'
am__untar='$${TAR-tar} xf -'
bindir='${exec_prefix}/bin'
build='x86_64-apple-darwin13.0.0'
build_alias=''
build_cpu='x86_64'
build_os='darwin13.0.0'
build_vendor='apple'
datadir='${datarootdir}'
datarootdir='${prefix}/share'
docdir='${datarootdir}/doc/${PACKAGE_TARNAME}'
dvidir='${docdir}'
exec_prefix='${prefix}'
host='x86_64-apple-darwin13.0.0'
host_alias=''
host_cpu='x86_64'
host_os='darwin13.0.0'
host_vendor='apple'
htmldir='${docdir}'
includedir='${prefix}/include'
infodir='${datarootdir}/info'
install_sh='${SHELL} /Users/tjarratt/git/gamble/src/github.com/yaml/libyaml/config/install-sh'
libdir='${exec_prefix}/lib'
libexecdir='${exec_prefix}/libexec'
localedir='${datarootdir}/locale'
localstatedir='${prefix}/var'
mandir='${datarootdir}/man'
mkdir_p='$(MKDIR_P)'
oldincludedir='/usr/include'
pdfdir='${docdir}'
prefix='/usr/local'
program_transform_name='s,x,x,'
psdir='${docdir}'
sbindir='${exec_prefix}/sbin'
sharedstatedir='${prefix}/com'
sysconfdir='${prefix}/etc'
target_alias=''

## ----------- ##
## confdefs.h. ##
## ----------- ##

/* confdefs.h */
#define PACKAGE_NAME "yaml"
#define PACKAGE_TARNAME "yaml"
#define PACKAGE_VERSION "0.1.4"
#define PACKAGE_STRING "yaml 0.1.4"
#define PACKAGE_BUGREPORT "http://pyyaml.org/newticket?component=libyaml"
#define PACKAGE_URL ""
#define PACKAGE "yaml"
#define VERSION "0.1.4"
#define YAML_VERSION_MAJOR 0
#define YAML_VERSION_MINOR 1
#define YAML_VERSION_PATCH 4
#define YAML_VERSION_STRING "0.1.4"
#define STDC_HEADERS 1
#define HAVE_SYS_TYPES_H 1
#define HAVE_SYS_STAT_H 1
#define HAVE_STDLIB_H 1
#define HAVE_STRING_H 1
#define HAVE_MEMORY_H 1
#define HAVE_STRINGS_H 1
#define HAVE_INTTYPES_H 1
#define HAVE_STDINT_H 1
#define HAVE_UNISTD_H 1
#define HAVE_DLFCN_H 1
#define LT_OBJDIR ".libs/"
#define STDC_HEADERS 1
#define HAVE_STDLIB_H 1

configure: exit 0
